{
  "RSpec": {
    "coverage": {
      "/home/ubuntu/workspace/app/controllers/pages_controller.rb": [
        1,
        null,
        1,
        1,
        1,
        1,
        null,
        null,
        1,
        2,
        2,
        1,
        null,
        2,
        2,
        null,
        null
      ],
      "/home/ubuntu/workspace/app/controllers/application_controller.rb": [
        1,
        null,
        null,
        1,
        null,
        1,
        null,
        1,
        1,
        3,
        3,
        3,
        3,
        null,
        null
      ],
      "/home/ubuntu/workspace/app/helpers/application_helper.rb": [
        1,
        1,
        0,
        0,
        0,
        null,
        0,
        null,
        null,
        null
      ],
      "/home/ubuntu/workspace/app/helpers/pages_helper.rb": [
        1,
        null
      ],
      "/home/ubuntu/workspace/app/helpers/staticpages_helper.rb": [
        1,
        null
      ],
      "/home/ubuntu/workspace/app/models/page.rb": [
        1,
        1,
        1,
        1,
        null,
        1,
        1,
        2,
        8,
        null,
        null,
        null,
        null,
        1,
        11,
        null,
        null,
        1,
        22,
        null,
        null,
        1,
        0,
        null,
        null,
        1,
        9,
        9,
        null,
        null,
        1,
        0,
        null,
        null,
        1,
        2,
        null,
        null,
        1,
        5,
        null,
        null
      ],
      "/home/ubuntu/workspace/app/controllers/staticpages_controller.rb": [
        0,
        0,
        0,
        0,
        0,
        null,
        0,
        0,
        null,
        0,
        0,
        0,
        0,
        0,
        0,
        0,
        0,
        0,
        0,
        0
      ]
    },
    "timestamp": 1522678175
  }
}
